
  fn.   type   at.   n   l   m
    1 atomic     1   1   0   0
    2 atomic     1   2   0   0
    3 atomic     1   3   0   0
    4 atomic     1   4   0   0
    5 ionic      1   5   0   0
    6 atomic     1   5   0   0
    7 atomic     1   2   1  -1
    8 atomic     1   2   1   0
    9 atomic     1   2   1   1
   10 atomic     1   3   1  -1
   11 atomic     1   3   1   0
   12 atomic     1   3   1   1
   13 atomic     1   4   1  -1
   14 atomic     1   4   1   0
   15 atomic     1   4   1   1
   16 ionic      1   5   1  -1
   17 ionic      1   5   1   0
   18 ionic      1   5   1   1
   19 atomic     1   3   2  -2
   20 atomic     1   3   2  -1
   21 atomic     1   3   2   0
   22 atomic     1   3   2   1
   23 atomic     1   3   2   2
   24 atomic     1   4   2  -2
   25 atomic     1   4   2  -1
   26 atomic     1   4   2   0
   27 atomic     1   4   2   1
   28 atomic     1   4   2   2
   29 hydro      1   3   2  -2
   30 hydro      1   3   2  -1
   31 hydro      1   3   2   0
   32 hydro      1   3   2   1
   33 hydro      1   3   2   2
   34 hydro      1   4   3  -3
   35 hydro      1   4   3  -2
   36 hydro      1   4   3  -1
   37 hydro      1   4   3   0
   38 hydro      1   4   3   1
   39 hydro      1   4   3   2
   40 hydro      1   4   3   3
   41 hydro      1   5   4  -4
   42 hydro      1   5   4  -3
   43 hydro      1   5   4  -2
   44 hydro      1   5   4  -1
   45 hydro      1   5   4   0
   46 hydro      1   5   4   1
   47 hydro      1   5   4   2
   48 hydro      1   5   4   3
   49 hydro      1   5   4   4
   50 atomic     2   1   0   0
   51 atomic     2   2   0   0
   52 ionic      2   3   0   0
   53 atomic     2   3   0   0
   54 atomic     2   2   1  -1
   55 atomic     2   2   1   0
   56 atomic     2   2   1   1
   57 atomic     2   3   1  -1
   58 atomic     2   3   1   0
   59 atomic     2   3   1   1
   60 hydro      2   2   1  -1
   61 hydro      2   2   1   0
   62 hydro      2   2   1   1
   63 ionic      2   3   2  -2
   64 ionic      2   3   2  -1
   65 ionic      2   3   2   0
   66 ionic      2   3   2   1
   67 ionic      2   3   2   2
   68 hydro      2   4   2  -2
   69 hydro      2   4   2  -1
   70 hydro      2   4   2   0
   71 hydro      2   4   2   1
   72 hydro      2   4   2   2
   73 hydro      2   4   3  -3
   74 hydro      2   4   3  -2
   75 hydro      2   4   3  -1
   76 hydro      2   4   3   0
   77 hydro      2   4   3   1
   78 hydro      2   4   3   2
   79 hydro      2   4   3   3
   80 hydro      2   5   4  -4
   81 hydro      2   5   4  -3
   82 hydro      2   5   4  -2
   83 hydro      2   5   4  -1
   84 hydro      2   5   4   0
   85 hydro      2   5   4   1
   86 hydro      2   5   4   2
   87 hydro      2   5   4   3
   88 hydro      2   5   4   4
   89 atomic     3   1   0   0
   90 atomic     3   2   0   0
   91 ionic      3   3   0   0
   92 atomic     3   3   0   0
   93 atomic     3   2   1  -1
   94 atomic     3   2   1   0
   95 atomic     3   2   1   1
   96 atomic     3   3   1  -1
   97 atomic     3   3   1   0
   98 atomic     3   3   1   1
   99 hydro      3   2   1  -1
  100 hydro      3   2   1   0
  101 hydro      3   2   1   1
  102 ionic      3   3   2  -2
  103 ionic      3   3   2  -1
  104 ionic      3   3   2   0
  105 ionic      3   3   2   1
  106 ionic      3   3   2   2
  107 hydro      3   4   2  -2
  108 hydro      3   4   2  -1
  109 hydro      3   4   2   0
  110 hydro      3   4   2   1
  111 hydro      3   4   2   2
  112 hydro      3   4   3  -3
  113 hydro      3   4   3  -2
  114 hydro      3   4   3  -1
  115 hydro      3   4   3   0
  116 hydro      3   4   3   1
  117 hydro      3   4   3   2
  118 hydro      3   4   3   3
  119 hydro      3   5   4  -4
  120 hydro      3   5   4  -3
  121 hydro      3   5   4  -2
  122 hydro      3   5   4  -1
  123 hydro      3   5   4   0
  124 hydro      3   5   4   1
  125 hydro      3   5   4   2
  126 hydro      3   5   4   3
  127 hydro      3   5   4   4
