
  fn.   type   at.   n   l   m
    1 atomic     1   1   0   0
    2 hydro      1   2   0   0
    3 atomic     1   2   0   0
    4 hydro      1   3   0   0
    5 hydro      1   3   1  -1
    6 hydro      1   3   1   0
    7 hydro      1   3   1   1
    8 atomic     1   2   1  -1
    9 atomic     1   2   1   0
   10 atomic     1   2   1   1
   11 hydro      1   2   1  -1
   12 hydro      1   2   1   0
   13 hydro      1   2   1   1
   14 hydro      1   3   2  -2
   15 hydro      1   3   2  -1
   16 hydro      1   3   2   0
   17 hydro      1   3   2   1
   18 hydro      1   3   2   2
   19 hydro      1   3   2  -2
   20 hydro      1   3   2  -1
   21 hydro      1   3   2   0
   22 hydro      1   3   2   1
   23 hydro      1   3   2   2
   24 hydro      1   4   3  -3
   25 hydro      1   4   3  -2
   26 hydro      1   4   3  -1
   27 hydro      1   4   3   0
   28 hydro      1   4   3   1
   29 hydro      1   4   3   2
   30 hydro      1   4   3   3
   31 hydro      1   5   4  -4
   32 hydro      1   5   4  -3
   33 hydro      1   5   4  -2
   34 hydro      1   5   4  -1
   35 hydro      1   5   4   0
   36 hydro      1   5   4   1
   37 hydro      1   5   4   2
   38 hydro      1   5   4   3
   39 hydro      1   5   4   4
   40 atomic     2   1   0   0
   41 hydro      2   2   0   0
   42 atomic     2   2   0   0
   43 hydro      2   3   0   0
   44 hydro      2   3   1  -1
   45 hydro      2   3   1   0
   46 hydro      2   3   1   1
   47 atomic     2   2   1  -1
   48 atomic     2   2   1   0
   49 atomic     2   2   1   1
   50 hydro      2   2   1  -1
   51 hydro      2   2   1   0
   52 hydro      2   2   1   1
   53 hydro      2   3   2  -2
   54 hydro      2   3   2  -1
   55 hydro      2   3   2   0
   56 hydro      2   3   2   1
   57 hydro      2   3   2   2
   58 hydro      2   3   2  -2
   59 hydro      2   3   2  -1
   60 hydro      2   3   2   0
   61 hydro      2   3   2   1
   62 hydro      2   3   2   2
   63 hydro      2   4   3  -3
   64 hydro      2   4   3  -2
   65 hydro      2   4   3  -1
   66 hydro      2   4   3   0
   67 hydro      2   4   3   1
   68 hydro      2   4   3   2
   69 hydro      2   4   3   3
   70 hydro      2   5   4  -4
   71 hydro      2   5   4  -3
   72 hydro      2   5   4  -2
   73 hydro      2   5   4  -1
   74 hydro      2   5   4   0
   75 hydro      2   5   4   1
   76 hydro      2   5   4   2
   77 hydro      2   5   4   3
   78 hydro      2   5   4   4
   79 atomic     3   1   0   0
   80 hydro      3   2   0   0
   81 atomic     3   2   0   0
   82 hydro      3   3   0   0
   83 hydro      3   3   1  -1
   84 hydro      3   3   1   0
   85 hydro      3   3   1   1
   86 atomic     3   2   1  -1
   87 atomic     3   2   1   0
   88 atomic     3   2   1   1
   89 hydro      3   2   1  -1
   90 hydro      3   2   1   0
   91 hydro      3   2   1   1
   92 hydro      3   3   2  -2
   93 hydro      3   3   2  -1
   94 hydro      3   3   2   0
   95 hydro      3   3   2   1
   96 hydro      3   3   2   2
   97 hydro      3   3   2  -2
   98 hydro      3   3   2  -1
   99 hydro      3   3   2   0
  100 hydro      3   3   2   1
  101 hydro      3   3   2   2
  102 hydro      3   4   3  -3
  103 hydro      3   4   3  -2
  104 hydro      3   4   3  -1
  105 hydro      3   4   3   0
  106 hydro      3   4   3   1
  107 hydro      3   4   3   2
  108 hydro      3   4   3   3
  109 hydro      3   5   4  -4
  110 hydro      3   5   4  -3
  111 hydro      3   5   4  -2
  112 hydro      3   5   4  -1
  113 hydro      3   5   4   0
  114 hydro      3   5   4   1
  115 hydro      3   5   4   2
  116 hydro      3   5   4   3
  117 hydro      3   5   4   4
  118 atomic     4   1   0   0
  119 hydro      4   2   0   0
  120 atomic     4   2   0   0
  121 hydro      4   3   0   0
  122 hydro      4   3   1  -1
  123 hydro      4   3   1   0
  124 hydro      4   3   1   1
  125 atomic     4   2   1  -1
  126 atomic     4   2   1   0
  127 atomic     4   2   1   1
  128 hydro      4   2   1  -1
  129 hydro      4   2   1   0
  130 hydro      4   2   1   1
  131 hydro      4   3   2  -2
  132 hydro      4   3   2  -1
  133 hydro      4   3   2   0
  134 hydro      4   3   2   1
  135 hydro      4   3   2   2
  136 hydro      4   3   2  -2
  137 hydro      4   3   2  -1
  138 hydro      4   3   2   0
  139 hydro      4   3   2   1
  140 hydro      4   3   2   2
  141 hydro      4   4   3  -3
  142 hydro      4   4   3  -2
  143 hydro      4   4   3  -1
  144 hydro      4   4   3   0
  145 hydro      4   4   3   1
  146 hydro      4   4   3   2
  147 hydro      4   4   3   3
  148 hydro      4   5   4  -4
  149 hydro      4   5   4  -3
  150 hydro      4   5   4  -2
  151 hydro      4   5   4  -1
  152 hydro      4   5   4   0
  153 hydro      4   5   4   1
  154 hydro      4   5   4   2
  155 hydro      4   5   4   3
  156 hydro      4   5   4   4
